d:\github personal\snake-ai-sfml\snake ai sfml\snake ai sfml\x64\debug\vc143.pdb
d:\github personal\snake-ai-sfml\snake ai sfml\snake ai sfml\x64\debug\vc143.idb
d:\github personal\snake-ai-sfml\snake ai sfml\snake ai sfml\x64\debug\snakepart.obj
d:\github personal\snake-ai-sfml\snake ai sfml\snake ai sfml\x64\debug\pathmarker.obj
d:\github personal\snake-ai-sfml\snake ai sfml\snake ai sfml\x64\debug\main.obj
d:\github personal\snake-ai-sfml\snake ai sfml\snake ai sfml\x64\debug\hamiltoniancycle.obj
d:\github personal\snake-ai-sfml\snake ai sfml\snake ai sfml\x64\debug\gridlocation.obj
d:\github personal\snake-ai-sfml\snake ai sfml\snake ai sfml\x64\debug\gamemanager.obj
d:\github personal\snake-ai-sfml\snake ai sfml\snake ai sfml\x64\debug\gamearea.obj
d:\github personal\snake-ai-sfml\snake ai sfml\snake ai sfml\x64\debug\food.obj
d:\github personal\snake-ai-sfml\snake ai sfml\snake ai sfml\x64\debug\cocktailsorter.obj
d:\github personal\snake-ai-sfml\snake ai sfml\snake ai sfml\x64\debug\astar.obj
d:\github personal\snake-ai-sfml\snake ai sfml\snake ai sfml\x64\debug\ai.obj
d:\github personal\snake-ai-sfml\snake ai sfml\snake ai sfml\x64\debug\snake ai sfml.ilk
d:\github personal\snake-ai-sfml\snake ai sfml\x64\debug\snake ai sfml.exe
d:\github personal\snake-ai-sfml\snake ai sfml\x64\debug\snake ai sfml.pdb
d:\github personal\snake-ai-sfml\snake ai sfml\snake ai sfml\x64\debug\snake ai sfml.tlog\cl.command.1.tlog
d:\github personal\snake-ai-sfml\snake ai sfml\snake ai sfml\x64\debug\snake ai sfml.tlog\cl.read.1.tlog
d:\github personal\snake-ai-sfml\snake ai sfml\snake ai sfml\x64\debug\snake ai sfml.tlog\cl.write.1.tlog
d:\github personal\snake-ai-sfml\snake ai sfml\snake ai sfml\x64\debug\snake ai sfml.tlog\link.command.1.tlog
d:\github personal\snake-ai-sfml\snake ai sfml\snake ai sfml\x64\debug\snake ai sfml.tlog\link.read.1.tlog
d:\github personal\snake-ai-sfml\snake ai sfml\snake ai sfml\x64\debug\snake ai sfml.tlog\link.write.1.tlog
